point,boundary_case,charge_case,phi_mc_V,sigma_mc_boundary_V,phi_sor_V,diff_sor_
minus_mc_V,z_score_diff_over_sigma,sor_iters,sor_max_update
center,A_all+100,0_none,100,0.222891,100,0,0.000,253,8.785e-11
corner,A_all+100,0_none,100,0.198734,100,0,0.000,253,8.785e-11
face,A_all+100,0_none,100,0.202418,100,0,0.000,253,8.785e-11
center,A_all+100,U_uniform_total10C,102.947327,0.222891,7464.814559,7361.87,3302
9.002,260,8.004e-11
corner,A_all+100,U_uniform_total10C,100.0370812,0.198734,192.3355493,92.2985,464
.432,260,8.004e-11
face,A_all+100,U_uniform_total10C,100.2630866,0.202418,755.3598237,655.097,3236.
356,260,8.004e-11
center,A_all+100,G_gradient_top1_bottom0,100.1474277,0.222891,468.240728,368.093
,1651.450,253,9.381e-11
corner,A_all+100,G_gradient_top1_bottom0,100.0006155,0.198734,101.5184098,1.5177
9,7.637,253,9.381e-11
face,A_all+100,G_gradient_top1_bottom0,100.0131432,0.202418,132.7679912,32.7548,
161.818,253,9.381e-11
center,A_all+100,E_exp_center,100.0509551,0.222891,227.1790454,127.128,570.360,2
53,8.698e-11
corner,A_all+100,E_exp_center,100.0001128,0.198734,100.277039,0.276926,1.393,253
,8.698e-11
face,A_all+100,E_exp_center,100.0020303,0.202418,105.0333544,5.03132,24.856,253,
8.698e-11
center,B_tb+100_lr-100,0_none,0.133,0.222891,1.479046787e-14,-0.133,-0.597,257,6
.670e-11
corner,B_tb+100_lr-100,0_none,0.029,0.198734,-1.726161819e-15,-0.029,-0.146,257,
6.670e-11
face,B_tb+100_lr-100,0_none,-93.366,0.202418,-93.32424553,0.0417545,0.206,257,6.
670e-11
center,B_tb+100_lr-100,U_uniform_total10C,3.08032704,0.222891,7364.814559,7361.7
3,33028.405,260,8.481e-11
corner,B_tb+100_lr-100,U_uniform_total10C,0.06608116,0.198734,92.33554927,92.269
5,464.286,260,8.481e-11
face,B_tb+100_lr-100,U_uniform_total10C,-93.10291344,0.202418,562.0355782,655.13
8,3236.562,260,8.481e-11
center,B_tb+100_lr-100,G_gradient_top1_bottom0,0.2804276792,0.222891,368.240728,
367.96,1650.853,257,8.318e-11
corner,B_tb+100_lr-100,G_gradient_top1_bottom0,0.0296154884,0.198734,1.518409836
,1.48879,7.491,257,8.318e-11
face,B_tb+100_lr-100,G_gradient_top1_bottom0,-93.35285678,0.202418,-60.55625434,
32.7966,162.024,257,8.318e-11
center,B_tb+100_lr-100,E_exp_center,0.1839550905,0.222891,127.1790454,126.995,56
9.763,257,6.768e-11
corner,B_tb+100_lr-100,E_exp_center,0.02911280642,0.198734,0.2770389812,0.247926
face,B_tb+100_lr-100,E_exp_center,-93.3639697,0.202418,-88.29089116,5.07308,25.0
62,257,6.768e-11
center,C_top+left+200_bottom0_right-400,0_none,-0.416,0.546455,-9.713122103e-13,
0.416,0.761,263,7.133e-11
corner,C_top+left+200_bottom0_right-400,0_none,99.818,0.281506,99.82483712,0.00683712,0.024,263,7.133e-11
face,C_top+left+200_bottom0_right-400,0_none,192.594,0.405657,192.5094638,-0.0845362,-0.208,263,7.133e-11
center,C_top+left+200_bottom0_right-400,U_uniform_total10C,2.53132704,0.546455,7364.814559,7362.28,13472.808,263,8.276e-11
corner,C_top+left+200_bottom0_right-400,U_uniform_total10C,99.85508116,0.281506,192.1603864,92.3053,327.898,263,8.276e-11
face,C_top+left+200_bottom0_right-400,U_uniform_total10C,192.8570866,0.405657,847.8692875,655.012,1614.695,263,8.276e-11
center,C_top+left+200_bottom0_right-400,G_gradient_top1_bottom0,-0.2685723208,0.546455,368.240728,368.509,674.363,263,7.159e-11
corner,C_top+left+200_bottom0_right-400,G_gradient_top1_bottom0,99.81861549,0.281506,101.343247,1.52463,5.416,263,7.159e-11
face,C_top+left+200_bottom0_right-400,G_gradient_top1_bottom0,192.6071432,0.405657,225.277455,32.6703,80.537,263,7.159e-11
center,C_top+left+200_bottom0_right-400,E_exp_center,-0.3650449095,0.546455,127.1790454,127.544,233.403,263,7.134e-11
corner,C_top+left+200_bottom0_right-400,E_exp_center,99.81811281,0.281506,100.1018761,0.283763,1.008,263,7.134e-11
face,C_top+left+200_bottom0_right-400,E_exp_center,192.5960303,0.405657,197.5428181,4.94679,12.195,263,7.134e-11







